[2025-06-19T17:45:06Z INFO  rust_passvault rust_passvault] 🔒 Starting SecureVault - Password Manager & Privacy Shield
[2025-06-19T17:45:06Z DEBUG rust_passvault rust_passvault] Initializing application...
[2025-06-19T17:45:06Z DEBUG rust_passvault rust_passvault] Attempting database connection...
[2025-06-19T17:45:06Z INFO  rust_passvault::db::postgres rust_passvault::db::postgres] Initializing PostgreSQL database...
[2025-06-19T17:45:06Z INFO  rust_passvault::db::postgres rust_passvault::db::postgres] Connected to PostgreSQL
[2025-06-19T17:45:06Z INFO  sqlx_postgres::connection::stream sqlx::postgres::notice] relation "config" already exists, skipping
[2025-06-19T17:45:06Z DEBUG sqlx_core::logger sqlx::query] summary="CREATE TABLE IF NOT …" db.statement="\n\nCREATE TABLE IF NOT EXISTS config (\n  key TEXT PRIMARY KEY,\n  value TEXT NOT NULL,\n  updated_at TIMESTAMP WITH TIME ZONE DEFAULT NOW()\n);\n" rows_affected=0 rows_returned=0 elapsed=6.629779ms
[2025-06-19T17:45:06Z INFO  sqlx_postgres::connection::stream sqlx::postgres::notice] relation "passwords" already exists, skipping
[2025-06-19T17:45:06Z DEBUG sqlx_core::logger sqlx::query] summary="CREATE TABLE IF NOT …" db.statement="\n\nCREATE TABLE IF NOT EXISTS passwords (\n  id UUID PRIMARY KEY DEFAULT gen_random_uuid(),\n  site TEXT NOT NULL,\n  username TEXT NOT NULL,\n  password BYTEA NOT NULL,\n  notes TEXT,\n  created_at TIMESTAMP WITH TIME ZONE DEFAULT NOW(),\n  updated_at TIMESTAMP WITH TIME ZONE DEFAULT NOW()\n);\n" rows_affected=0 rows_returned=0 elapsed=7.134991ms
[2025-06-19T17:45:06Z INFO  sqlx_postgres::connection::stream sqlx::postgres::notice] relation "categories" already exists, skipping
[2025-06-19T17:45:06Z DEBUG sqlx_core::logger sqlx::query] summary="CREATE TABLE IF NOT …" db.statement="\n\nCREATE TABLE IF NOT EXISTS categories (\n  id UUID PRIMARY KEY DEFAULT gen_random_uuid(),\n  name TEXT NOT NULL UNIQUE\n);\n" rows_affected=0 rows_returned=0 elapsed=8.913827ms
[2025-06-19T17:45:06Z INFO  sqlx_postgres::connection::stream sqlx::postgres::notice] relation "password_categories" already exists, skipping
[2025-06-19T17:45:06Z DEBUG sqlx_core::logger sqlx::query] summary="CREATE TABLE IF NOT …" db.statement="\n\nCREATE TABLE IF NOT EXISTS password_categories (\n  password_id UUID REFERENCES passwords(id) ON DELETE CASCADE,\n  category_id UUID REFERENCES categories(id) ON DELETE CASCADE,\n  PRIMARY KEY (password_id, category_id)\n);\n" rows_affected=0 rows_returned=0 elapsed=8.406188ms
[2025-06-19T17:45:06Z INFO  sqlx_postgres::connection::stream sqlx::postgres::notice] relation "idx_passwords_site" already exists, skipping
[2025-06-19T17:45:06Z DEBUG sqlx_core::logger sqlx::query] summary="CREATE INDEX IF NOT …" db.statement="\n\nCREATE INDEX IF NOT EXISTS idx_passwords_site ON passwords(site);\n" rows_affected=0 rows_returned=0 elapsed=9.193875ms
[2025-06-19T17:45:06Z INFO  sqlx_postgres::connection::stream sqlx::postgres::notice] relation "idx_password_categories" already exists, skipping
[2025-06-19T17:45:06Z DEBUG sqlx_core::logger sqlx::query] summary="CREATE INDEX IF NOT …" db.statement="\n\nCREATE INDEX IF NOT EXISTS idx_password_categories ON password_categories(password_id);\n" rows_affected=0 rows_returned=0 elapsed=9.542526ms
[2025-06-19T17:45:06Z DEBUG sqlx_core::logger sqlx::query] summary="SELECT gen_random_uuid();" db.statement="" rows_affected=0 rows_returned=1 elapsed=8.239594ms
[2025-06-19T17:45:06Z DEBUG rust_passvault rust_passvault] Database connection established successfully
[2025-06-19T17:45:06Z DEBUG rust_passvault rust_passvault] Setting up signal handlers
[2025-06-19T17:45:06Z DEBUG rust_passvault rust_passvault] Creating vault and service instances
[2025-06-19T17:45:06Z DEBUG rust_passvault rust_passvault] API will run on port: 5000
[2025-06-19T17:45:06Z DEBUG rust_passvault rust_passvault] Starting recovery cleanup task
[2025-06-19T17:45:06Z DEBUG rust_passvault rust_passvault] Starting API server in background thread
[2025-06-19T17:45:06Z DEBUG rust_passvault rust_passvault] Launching interactive CLI menu
[2025-06-19T17:45:06Z DEBUG rust_passvault rust_passvault] Running scheduled cleanup of expired sessions
[2025-06-19T17:45:06Z DEBUG rust_passvault rust_passvault] Created new tokio runtime for API server
[2025-06-19T17:45:06Z DEBUG rust_passvault rust_passvault] API server starting...
[2025-06-19T17:45:06Z INFO  rust_passvault::api rust_passvault::api] Starting RustVault API server on port 5000
[2025-06-19T17:45:06Z INFO  actix_server::builder actix_server::builder] starting 16 workers
[2025-06-19T17:45:06Z INFO  actix_server::server actix_server::server] Tokio runtime found; starting in existing Tokio runtime
[2025-06-19T17:45:06Z INFO  actix_server::server actix_server::server] starting service: "actix-web-service-0.0.0.0:5000", workers: 16, listening on: 0.0.0.0:5000
[2025-06-19T17:45:06Z DEBUG sqlx_core::logger sqlx::query] summary="SELECT value FROM config …" db.statement="\n\nSELECT\n  value\nFROM\n  config\nWHERE\n  key = $1\n" rows_affected=0 rows_returned=1 elapsed=11.252199ms
[2025-06-19T17:49:42Z ERROR rust_passvault rust_passvault] CLI menu error: OperationInterrupted
